<?xml version="1.0" encoding="UTF-8" ?>
<testsuite tests="7" failures="0" name="feature.RunCucumberTest" time="0.117" errors="0" skipped="1">
  <properties>
[...]
</properties>
  <testcase classname="US_000 Affectation des points" name="Equipe A joue un match contre Equipe B" time="0.062"/>
  <testcase classname="US_000 Affectation des points" name="Equipe A joue un match contre Equipe B" time="0"/>
  <testcase classname="US_000 Affectation des points" name="Equipe A joue un match contre Equipe B" time="0"/>
  <testcase classname="US_000 Affectation des points" name="Equipe A joue un match contre Equipe B" time="0"/>
  <testcase classname="US_001 Attribution de la performance de lentraineur" name="LEquipe de LEntraineur A joue un match contre LEquipe de LEntraineur B" time="0.032"/>
  <testcase classname="US_001 Attribution de la performance de lentraineur" name="LEquipe de LEntraineur A joue un match contre LEquipe de LEntraineur B" time="0.001"/>
  <testcase classname="US_002 Strategy de lentraineur" name="LEntraineur A met en place une strategy pour son prochain match" time="0.022">
    <skipped/>
  </testcase>
</testsuite>